<?xml version="1.0" encoding="UTF-8"?>
<!-- Generated by org.testng.reporters.JUnitReportReporter -->
<testsuite skipped="0" hostname="INPF00HE0Z" name="com.qa.hubspot.tests.HomePageTest" tests="3" failures="0" timestamp="13 Dec 2019 14:08:46 GMT" time="85.194" errors="0">
  <testcase name="homePageTitleTest" time="24.923" classname="com.qa.hubspot.tests.HomePageTest"/>
  <testcase name="homePageHeaderTextTest" time="24.034" classname="com.qa.hubspot.tests.HomePageTest"/>
  <testcase name="accountNameTextTest" time="36.237" classname="com.qa.hubspot.tests.HomePageTest"/>
</testsuite> <!-- com.qa.hubspot.tests.HomePageTest -->
