<?xml version="1.0" encoding="UTF-8"?>
<!-- Generated by org.testng.reporters.JUnitReportReporter -->
<testsuite skipped="0" hostname="INPF00HE0Z" name="com.qa.hubspot.tests.HomePageTest" tests="2" failures="0" timestamp="15 Dec 2019 14:01:23 GMT" time="77.525" errors="0">
  <testcase name="homePageTitleTest" time="33.230" classname="com.qa.hubspot.tests.HomePageTest"/>
  <testcase name="homePageHeaderTextTest" time="44.295" classname="com.qa.hubspot.tests.HomePageTest"/>
</testsuite> <!-- com.qa.hubspot.tests.HomePageTest -->
