<?xml version="1.0" encoding="UTF-8"?>
<!-- Generated by org.testng.reporters.JUnitReportReporter -->
<testsuite skipped="0" hostname="INPF00HE0Z" name="com.qa.hubspot.tests.ProfileAndPreferenceTest" tests="1" failures="0" timestamp="21 Dec 2019 11:46:21 GMT" time="26.198" errors="0">
  <testcase name="profileAndPreferencesTitleTest" time="26.198" classname="com.qa.hubspot.tests.ProfileAndPreferenceTest"/>
</testsuite> <!-- com.qa.hubspot.tests.ProfileAndPreferenceTest -->
