<?xml version="1.0" encoding="UTF-8"?>
<!-- Generated by org.testng.reporters.JUnitReportReporter -->
<testsuite skipped="0" hostname="INPF00HE0Z" name="com.qa.hubspot.tests.ContactsPageTest" tests="1" failures="0" timestamp="21 Dec 2019 11:46:21 GMT" time="33.666" errors="0">
  <testcase name="contactsPageTitleTest" time="33.666" classname="com.qa.hubspot.tests.ContactsPageTest"/>
</testsuite> <!-- com.qa.hubspot.tests.ContactsPageTest -->
