<?xml version="1.0" encoding="UTF-8"?>
<!-- Generated by org.testng.reporters.JUnitReportReporter -->
<testsuite skipped="0" hostname="INPF00HE0Z" name="com.qa.hubspot.tests.LoginPageTest" tests="1" failures="0" timestamp="20 Dec 2019 14:42:26 GMT" time="29.009" errors="0">
  <testcase name="loginTest" time="29.009" classname="com.qa.hubspot.tests.LoginPageTest"/>
</testsuite> <!-- com.qa.hubspot.tests.LoginPageTest -->
