<?xml version="1.0" encoding="UTF-8"?>
<!-- Generated by org.testng.reporters.JUnitReportReporter -->
<testsuite skipped="0" hostname="INPF00HE0Z" name="com.qa.hubspot.tests.ContactsPageTest" tests="1" failures="0" timestamp="15 Dec 2019 14:01:23 GMT" time="40.909" errors="0">
  <testcase name="contactsPageTitleTest" time="40.909" classname="com.qa.hubspot.tests.ContactsPageTest"/>
</testsuite> <!-- com.qa.hubspot.tests.ContactsPageTest -->
