<?xml version="1.0" encoding="UTF-8"?>
<!-- Generated by org.testng.reporters.JUnitReportReporter -->
<testsuite skipped="0" hostname="INPF00HE0Z" name="com.qa.hubspot.tests.LoginPageTest" tests="3" failures="0" timestamp="14 Dec 2019 08:10:57 GMT" time="59.225" errors="0">
  <testcase name="loginPageTitleTest" time="13.590" classname="com.qa.hubspot.tests.LoginPageTest"/>
  <testcase name="signUpLinkTest" time="26.585" classname="com.qa.hubspot.tests.LoginPageTest"/>
  <testcase name="loginTest" time="19.050" classname="com.qa.hubspot.tests.LoginPageTest"/>
</testsuite> <!-- com.qa.hubspot.tests.LoginPageTest -->
