<?xml version="1.0" encoding="UTF-8"?>
<!-- Generated by org.testng.reporters.JUnitReportReporter -->
<testsuite skipped="0" hostname="INPF00HE0Z" name="com.qa.hubspot.tests.ProfileAndPreferenceTest" tests="6" failures="0" timestamp="20 Dec 2019 15:12:24 GMT" time="216.487" errors="0">
  <testcase name="profileAndPreferencesTitleTest" time="38.715" classname="com.qa.hubspot.tests.ProfileAndPreferenceTest"/>
  <testcase name="nameTextTest" time="31.792" classname="com.qa.hubspot.tests.ProfileAndPreferenceTest"/>
  <testcase name="superAdminTextTest" time="29.694" classname="com.qa.hubspot.tests.ProfileAndPreferenceTest"/>
  <testcase name="languageTextTest" time="36.257" classname="com.qa.hubspot.tests.ProfileAndPreferenceTest"/>
  <testcase name="DateAndNumberFormatTextTest" time="43.551" classname="com.qa.hubspot.tests.ProfileAndPreferenceTest"/>
  <testcase name="phoneNumberTextTest" time="36.478" classname="com.qa.hubspot.tests.ProfileAndPreferenceTest"/>
</testsuite> <!-- com.qa.hubspot.tests.ProfileAndPreferenceTest -->
