<?xml version="1.0" encoding="UTF-8"?>
<!-- Generated by org.testng.reporters.JUnitReportReporter -->
<testsuite skipped="0" hostname="INPF00HE0Z" name="com.qa.hubspot.tests.HomePageTest" tests="2" failures="0" timestamp="21 Dec 2019 11:46:21 GMT" time="56.921" errors="0">
  <testcase name="homePageTitleTest" time="26.114" classname="com.qa.hubspot.tests.HomePageTest"/>
  <testcase name="homePageHeaderTextTest" time="30.807" classname="com.qa.hubspot.tests.HomePageTest"/>
</testsuite> <!-- com.qa.hubspot.tests.HomePageTest -->
