<?xml version="1.0" encoding="UTF-8"?>
<!-- Generated by org.testng.reporters.JUnitReportReporter -->
<testsuite skipped="1" hostname="INPF00HE0Z" name="com.qa.hubspot.tests.ProfileAndPreferenceTest" tests="2" failures="0" timestamp="21 Dec 2019 11:42:22 GMT" time="103.865" errors="0">
  <testcase name="profileAndPreferencesTitleTest" time="73.067" classname="com.qa.hubspot.tests.ProfileAndPreferenceTest">
    <skipped/>
  </testcase> <!-- profileAndPreferencesTitleTest -->
  <testcase name="profileAndPreferencesTitleTest" time="30.798" classname="com.qa.hubspot.tests.ProfileAndPreferenceTest"/>
</testsuite> <!-- com.qa.hubspot.tests.ProfileAndPreferenceTest -->
