<?xml version="1.0" encoding="UTF-8"?>
<!-- Generated by org.testng.reporters.JUnitReportReporter -->
<testsuite skipped="3" hostname="INPF00HE0Z" name="com.qa.hubspot.tests.ProfileAndPreferenceTest" tests="4" failures="0" timestamp="21 Dec 2019 12:33:32 GMT" time="206.446" errors="0">
  <testcase name="profileAndPreferencesTitleTest" time="62.795" classname="com.qa.hubspot.tests.ProfileAndPreferenceTest">
    <skipped/>
  </testcase> <!-- profileAndPreferencesTitleTest -->
  <testcase name="profileAndPreferencesTitleTest" time="56.822" classname="com.qa.hubspot.tests.ProfileAndPreferenceTest">
    <skipped/>
  </testcase> <!-- profileAndPreferencesTitleTest -->
  <testcase name="profileAndPreferencesTitleTest" time="51.295" classname="com.qa.hubspot.tests.ProfileAndPreferenceTest">
    <skipped/>
  </testcase> <!-- profileAndPreferencesTitleTest -->
  <testcase name="profileAndPreferencesTitleTest" time="35.534" classname="com.qa.hubspot.tests.ProfileAndPreferenceTest"/>
</testsuite> <!-- com.qa.hubspot.tests.ProfileAndPreferenceTest -->
