<?xml version="1.0" encoding="UTF-8"?>
<!-- Generated by org.testng.reporters.JUnitReportReporter -->
<testsuite skipped="0" hostname="INPF00HE0Z" name="com.qa.hubspot.tests.LoginPageTest" tests="3" failures="0" timestamp="14 Dec 2019 17:17:41 GMT" time="121.205" errors="0">
  <testcase name="loginPageTitleTest" time="41.050" classname="com.qa.hubspot.tests.LoginPageTest"/>
  <testcase name="signUpLinkTest" time="37.713" classname="com.qa.hubspot.tests.LoginPageTest"/>
  <testcase name="loginTest" time="42.442" classname="com.qa.hubspot.tests.LoginPageTest"/>
</testsuite> <!-- com.qa.hubspot.tests.LoginPageTest -->
