<?xml version="1.0" encoding="UTF-8"?>
<!-- Generated by org.testng.reporters.JUnitReportReporter -->
<testsuite skipped="0" hostname="INPF00HE0Z" name="com.qa.hubspot.tests.DealsPageTest" tests="1" failures="0" timestamp="21 Dec 2019 12:33:32 GMT" time="40.824" errors="0">
  <testcase name="titleTest" time="40.824" classname="com.qa.hubspot.tests.DealsPageTest"/>
</testsuite> <!-- com.qa.hubspot.tests.DealsPageTest -->
