<?xml version="1.0" encoding="UTF-8"?>
<!-- Generated by org.testng.reporters.JUnitReportReporter -->
<testsuite skipped="0" hostname="INPF00HE0Z" name="com.qa.hubspot.tests.HomePageTest" tests="2" failures="0" timestamp="20 Dec 2019 15:01:46 GMT" time="47.667" errors="0">
  <testcase name="homePageTitleTest" time="22.373" classname="com.qa.hubspot.tests.HomePageTest"/>
  <testcase name="homePageHeaderTextTest" time="25.294" classname="com.qa.hubspot.tests.HomePageTest"/>
</testsuite> <!-- com.qa.hubspot.tests.HomePageTest -->
