<?xml version="1.0" encoding="UTF-8"?>
<!-- Generated by org.testng.reporters.JUnitReportReporter -->
<testsuite skipped="1" hostname="INPF00HE0Z" name="com.qa.hubspot.tests.ContactsPageTest" tests="2" failures="0" timestamp="21 Dec 2019 12:33:32 GMT" time="83.604" errors="0">
  <testcase name="contactsPageTitleTest" time="55.058" classname="com.qa.hubspot.tests.ContactsPageTest">
    <skipped/>
  </testcase> <!-- contactsPageTitleTest -->
  <testcase name="contactsPageTitleTest" time="28.546" classname="com.qa.hubspot.tests.ContactsPageTest"/>
</testsuite> <!-- com.qa.hubspot.tests.ContactsPageTest -->
